Traceback (most recent call last):
  File "/usr/local/lib/python3.9/site-packages/jupyter_cache/executors/utils.py", line 51, in single_nb_execution
    executenb(
  File "/usr/local/lib/python3.9/site-packages/nbclient/client.py", line 1107, in execute
    return NotebookClient(nb=nb, resources=resources, km=km, **kwargs).execute()
  File "/usr/local/lib/python3.9/site-packages/nbclient/util.py", line 74, in wrapped
    return just_run(coro(*args, **kwargs))
  File "/usr/local/lib/python3.9/site-packages/nbclient/util.py", line 53, in just_run
    return loop.run_until_complete(coro)
  File "/usr/local/Cellar/python@3.9/3.9.2/Frameworks/Python.framework/Versions/3.9/lib/python3.9/asyncio/base_events.py", line 642, in run_until_complete
    return future.result()
  File "/usr/local/lib/python3.9/site-packages/nbclient/client.py", line 553, in async_execute
    await self.async_execute_cell(
  File "/usr/local/lib/python3.9/site-packages/nbclient/client.py", line 852, in async_execute_cell
    self._check_raise_for_error(cell, exec_reply)
  File "/usr/local/lib/python3.9/site-packages/nbclient/client.py", line 760, in _check_raise_for_error
    raise CellExecutionError.from_cell_and_msg(cell, exec_reply_content)
nbclient.exceptions.CellExecutionError: An error occurred while executing the following cell:
------------------
scatter = sns.jointplot(data=crews,x='date', y='Height', alpha=0.15, color='red', kind='hex')
scatter
------------------

[0;31m---------------------------------------------------------------------------[0m
[0;31mUFuncTypeError[0m                            Traceback (most recent call last)
[0;32m<ipython-input-13-dda6fff7df73>[0m in [0;36m<module>[0;34m[0m
[0;32m----> 1[0;31m [0mscatter[0m [0;34m=[0m [0msns[0m[0;34m.[0m[0mjointplot[0m[0;34m([0m[0mdata[0m[0;34m=[0m[0mcrews[0m[0;34m,[0m[0mx[0m[0;34m=[0m[0;34m'date'[0m[0;34m,[0m [0my[0m[0;34m=[0m[0;34m'Height'[0m[0;34m,[0m [0malpha[0m[0;34m=[0m[0;36m0.15[0m[0;34m,[0m [0mcolor[0m[0;34m=[0m[0;34m'red'[0m[0;34m,[0m [0mkind[0m[0;34m=[0m[0;34m'hex'[0m[0;34m)[0m[0;34m[0m[0;34m[0m[0m
[0m[1;32m      2[0m [0mscatter[0m[0;34m[0m[0;34m[0m[0m

[0;32m/usr/local/lib/python3.9/site-packages/seaborn/_decorators.py[0m in [0;36minner_f[0;34m(*args, **kwargs)[0m
[1;32m     44[0m             )
[1;32m     45[0m         [0mkwargs[0m[0;34m.[0m[0mupdate[0m[0;34m([0m[0;34m{[0m[0mk[0m[0;34m:[0m [0marg[0m [0;32mfor[0m [0mk[0m[0;34m,[0m [0marg[0m [0;32min[0m [0mzip[0m[0;34m([0m[0msig[0m[0;34m.[0m[0mparameters[0m[0;34m,[0m [0margs[0m[0;34m)[0m[0;34m}[0m[0;34m)[0m[0;34m[0m[0;34m[0m[0m
[0;32m---> 46[0;31m         [0;32mreturn[0m [0mf[0m[0;34m([0m[0;34m**[0m[0mkwargs[0m[0;34m)[0m[0;34m[0m[0;34m[0m[0m
[0m[1;32m     47[0m     [0;32mreturn[0m [0minner_f[0m[0;34m[0m[0;34m[0m[0m
[1;32m     48[0m [0;34m[0m[0m

[0;32m/usr/local/lib/python3.9/site-packages/seaborn/axisgrid.py[0m in [0;36mjointplot[0;34m(x, y, data, kind, color, height, ratio, space, dropna, xlim, ylim, marginal_ticks, joint_kws, marginal_kws, hue, palette, hue_order, hue_norm, **kwargs)[0m
[1;32m   2181[0m     [0;32melif[0m [0mkind[0m[0;34m.[0m[0mstartswith[0m[0;34m([0m[0;34m"hex"[0m[0;34m)[0m[0;34m:[0m[0;34m[0m[0;34m[0m[0m
[1;32m   2182[0m [0;34m[0m[0m
[0;32m-> 2183[0;31m         [0mx_bins[0m [0;34m=[0m [0mmin[0m[0;34m([0m[0m_freedman_diaconis_bins[0m[0;34m([0m[0mgrid[0m[0;34m.[0m[0mx[0m[0;34m)[0m[0;34m,[0m [0;36m50[0m[0;34m)[0m[0;34m[0m[0;34m[0m[0m
[0m[1;32m   2184[0m         [0my_bins[0m [0;34m=[0m [0mmin[0m[0;34m([0m[0m_freedman_diaconis_bins[0m[0;34m([0m[0mgrid[0m[0;34m.[0m[0my[0m[0;34m)[0m[0;34m,[0m [0;36m50[0m[0;34m)[0m[0;34m[0m[0;34m[0m[0m
[1;32m   2185[0m         [0mgridsize[0m [0;34m=[0m [0mint[0m[0;34m([0m[0mnp[0m[0;34m.[0m[0mmean[0m[0;34m([0m[0;34m[[0m[0mx_bins[0m[0;34m,[0m [0my_bins[0m[0;34m][0m[0;34m)[0m[0;34m)[0m[0;34m[0m[0;34m[0m[0m

[0;32m/usr/local/lib/python3.9/site-packages/seaborn/distributions.py[0m in [0;36m_freedman_diaconis_bins[0;34m(a)[0m
[1;32m   2396[0m     [0;32mif[0m [0mlen[0m[0;34m([0m[0ma[0m[0;34m)[0m [0;34m<[0m [0;36m2[0m[0;34m:[0m[0;34m[0m[0;34m[0m[0m
[1;32m   2397[0m         [0;32mreturn[0m [0;36m1[0m[0;34m[0m[0;34m[0m[0m
[0;32m-> 2398[0;31m     [0mh[0m [0;34m=[0m [0;36m2[0m [0;34m*[0m [0mstats[0m[0;34m.[0m[0miqr[0m[0;34m([0m[0ma[0m[0;34m)[0m [0;34m/[0m [0;34m([0m[0mlen[0m[0;34m([0m[0ma[0m[0;34m)[0m [0;34m**[0m [0;34m([0m[0;36m1[0m [0;34m/[0m [0;36m3[0m[0;34m)[0m[0;34m)[0m[0;34m[0m[0;34m[0m[0m
[0m[1;32m   2399[0m     [0;31m# fall back to sqrt(a) bins if iqr is 0[0m[0;34m[0m[0;34m[0m[0;34m[0m[0m
[1;32m   2400[0m     [0;32mif[0m [0mh[0m [0;34m==[0m [0;36m0[0m[0;34m:[0m[0;34m[0m[0;34m[0m[0m

[0;32m/usr/local/lib/python3.9/site-packages/scipy/stats/stats.py[0m in [0;36miqr[0;34m(x, axis, rng, scale, nan_policy, interpolation, keepdims)[0m
[1;32m   2917[0m [0;34m[0m[0m
[1;32m   2918[0m     [0mrng[0m [0;34m=[0m [0msorted[0m[0;34m([0m[0mrng[0m[0;34m)[0m[0;34m[0m[0;34m[0m[0m
[0;32m-> 2919[0;31m     pct = percentile_func(x, rng, axis=axis, interpolation=interpolation,
[0m[1;32m   2920[0m                           keepdims=keepdims)
[1;32m   2921[0m     [0mout[0m [0;34m=[0m [0mnp[0m[0;34m.[0m[0msubtract[0m[0;34m([0m[0mpct[0m[0;34m[[0m[0;36m1[0m[0;34m][0m[0;34m,[0m [0mpct[0m[0;34m[[0m[0;36m0[0m[0;34m][0m[0;34m)[0m[0;34m[0m[0;34m[0m[0m

[0;32m<__array_function__ internals>[0m in [0;36mpercentile[0;34m(*args, **kwargs)[0m

[0;32m/usr/local/lib/python3.9/site-packages/numpy/lib/function_base.py[0m in [0;36mpercentile[0;34m(a, q, axis, out, overwrite_input, interpolation, keepdims)[0m
[1;32m   3730[0m     [0;32mif[0m [0;32mnot[0m [0m_quantile_is_valid[0m[0;34m([0m[0mq[0m[0;34m)[0m[0;34m:[0m[0;34m[0m[0;34m[0m[0m
[1;32m   3731[0m         [0;32mraise[0m [0mValueError[0m[0;34m([0m[0;34m"Percentiles must be in the range [0, 100]"[0m[0;34m)[0m[0;34m[0m[0;34m[0m[0m
[0;32m-> 3732[0;31m     return _quantile_unchecked(
[0m[1;32m   3733[0m         a, q, axis, out, overwrite_input, interpolation, keepdims)
[1;32m   3734[0m [0;34m[0m[0m

[0;32m/usr/local/lib/python3.9/site-packages/numpy/lib/function_base.py[0m in [0;36m_quantile_unchecked[0;34m(a, q, axis, out, overwrite_input, interpolation, keepdims)[0m
[1;32m   3849[0m                         interpolation='linear', keepdims=False):
[1;32m   3850[0m     [0;34m"""Assumes that q is in [0, 1], and is an ndarray"""[0m[0;34m[0m[0;34m[0m[0m
[0;32m-> 3851[0;31m     r, k = _ureduce(a, func=_quantile_ureduce_func, q=q, axis=axis, out=out,
[0m[1;32m   3852[0m                     [0moverwrite_input[0m[0;34m=[0m[0moverwrite_input[0m[0;34m,[0m[0;34m[0m[0;34m[0m[0m
[1;32m   3853[0m                     interpolation=interpolation)

[0;32m/usr/local/lib/python3.9/site-packages/numpy/lib/function_base.py[0m in [0;36m_ureduce[0;34m(a, func, **kwargs)[0m
[1;32m   3427[0m         [0mkeepdim[0m [0;34m=[0m [0;34m([0m[0;36m1[0m[0;34m,[0m[0;34m)[0m [0;34m*[0m [0ma[0m[0;34m.[0m[0mndim[0m[0;34m[0m[0;34m[0m[0m
[1;32m   3428[0m [0;34m[0m[0m
[0;32m-> 3429[0;31m     [0mr[0m [0;34m=[0m [0mfunc[0m[0;34m([0m[0ma[0m[0;34m,[0m [0;34m**[0m[0mkwargs[0m[0;34m)[0m[0;34m[0m[0;34m[0m[0m
[0m[1;32m   3430[0m     [0;32mreturn[0m [0mr[0m[0;34m,[0m [0mkeepdim[0m[0;34m[0m[0;34m[0m[0m
[1;32m   3431[0m [0;34m[0m[0m

[0;32m/usr/local/lib/python3.9/site-packages/numpy/lib/function_base.py[0m in [0;36m_quantile_ureduce_func[0;34m(a, q, axis, out, overwrite_input, interpolation, keepdims)[0m
[1;32m   3965[0m             [0mn[0m [0;34m=[0m [0mnp[0m[0;34m.[0m[0misnan[0m[0;34m([0m[0map[0m[0;34m[[0m[0;34m-[0m[0;36m1[0m[0;34m:[0m[0;34m,[0m [0;34m...[0m[0;34m][0m[0;34m)[0m[0;34m[0m[0;34m[0m[0m
[1;32m   3966[0m [0;34m[0m[0m
[0;32m-> 3967[0;31m         [0mx1[0m [0;34m=[0m [0mtake[0m[0;34m([0m[0map[0m[0;34m,[0m [0mindices_below[0m[0;34m,[0m [0maxis[0m[0;34m=[0m[0maxis[0m[0;34m)[0m [0;34m*[0m [0mweights_below[0m[0;34m[0m[0;34m[0m[0m
[0m[1;32m   3968[0m         [0mx2[0m [0;34m=[0m [0mtake[0m[0;34m([0m[0map[0m[0;34m,[0m [0mindices_above[0m[0;34m,[0m [0maxis[0m[0;34m=[0m[0maxis[0m[0;34m)[0m [0;34m*[0m [0mweights_above[0m[0;34m[0m[0;34m[0m[0m
[1;32m   3969[0m [0;34m[0m[0m

[0;31mUFuncTypeError[0m: ufunc 'multiply' cannot use operands with types dtype('<M8[ns]') and dtype('float64')
UFuncTypeError: ufunc 'multiply' cannot use operands with types dtype('<M8[ns]') and dtype('float64')

